safeFinder/android-app/app/build/intermediates/manifest_merge_blame_file/debug/processDebugMainManifest/manifest-merger-blame-debug-report.txt
1<?xml version="1.0" encoding="utf-8"?>
2<manifest xmlns:android="http://schemas.android.com/apk/res/android"
3    package="com.safefinder.testapp"
4    android:versionCode="1"
5    android:versionName="1.0" >
6
7    <uses-sdk
8        android:minSdkVersion="26"
9        android:targetSdkVersion="35" />
10
11    <uses-permission android:name="android.permission.ACCESS_FINE_LOCATION" />
11-->src\main\AndroidManifest.xml:3:5-79
11-->src\main\AndroidManifest.xml:3:22-76
12    <uses-permission android:name="android.permission.ACCESS_COARSE_LOCATION" />
12-->src\main\AndroidManifest.xml:4:5-81
12-->src\main\AndroidManifest.xml:4:22-78
13    <uses-permission android:name="android.permission.ACCESS_BACKGROUND_LOCATION" />
13-->src\main\AndroidManifest.xml:5:5-85
13-->src\main\AndroidManifest.xml:5:22-82
14    <uses-permission android:name="android.permission.ACCESS_WIFI_STATE" />
14-->src\main\AndroidManifest.xml:6:5-76
14-->src\main\AndroidManifest.xml:6:22-73
15    <uses-permission android:name="android.permission.ACCESS_NETWORK_STATE" />
15-->src\main\AndroidManifest.xml:7:5-79
15-->src\main\AndroidManifest.xml:7:22-76
16    <uses-permission android:name="android.permission.READ_PHONE_STATE" />
16-->src\main\AndroidManifest.xml:8:5-75
16-->src\main\AndroidManifest.xml:8:22-72
17    <uses-permission android:name="android.permission.INTERNET" />
17-->src\main\AndroidManifest.xml:9:5-67
17-->src\main\AndroidManifest.xml:9:22-64
18    <uses-permission android:name="android.permission.FOREGROUND_SERVICE" />
18-->src\main\AndroidManifest.xml:10:5-77
18-->src\main\AndroidManifest.xml:10:22-74
19    <uses-permission android:name="android.permission.FOREGROUND_SERVICE_LOCATION" />
19-->src\main\AndroidManifest.xml:11:5-86
19-->src\main\AndroidManifest.xml:11:22-83
20    <uses-permission android:name="android.permission.POST_NOTIFICATIONS" />
20-->src\main\AndroidManifest.xml:12:5-77
20-->src\main\AndroidManifest.xml:12:22-74
21
22    <application
22-->src\main\AndroidManifest.xml:14:5-32:19
23        android:allowBackup="true"
23-->src\main\AndroidManifest.xml:15:9-35
24        android:debuggable="true"
25        android:extractNativeLibs="false"
26        android:label="@string/app_name"
26-->src\main\AndroidManifest.xml:16:9-41
27        android:testOnly="true"
28        android:theme="@style/AppTheme"
28-->src\main\AndroidManifest.xml:17:9-40
29        android:usesCleartextTraffic="true" >
29-->src\main\AndroidManifest.xml:18:9-44
30        <activity
30-->src\main\AndroidManifest.xml:19:9-26:20
31            android:name="com.safefinder.testapp.MainActivity"
31-->src\main\AndroidManifest.xml:20:13-41
32            android:exported="true" >
32-->src\main\AndroidManifest.xml:21:13-36
33            <intent-filter>
33-->src\main\AndroidManifest.xml:22:13-25:29
34                <action android:name="android.intent.action.MAIN" />
34-->src\main\AndroidManifest.xml:23:17-69
34-->src\main\AndroidManifest.xml:23:25-66
35
36                <category android:name="android.intent.category.LAUNCHER" />
36-->src\main\AndroidManifest.xml:24:17-77
36-->src\main\AndroidManifest.xml:24:27-74
37            </intent-filter>
38        </activity>
39
40        <service
40-->src\main\AndroidManifest.xml:28:9-31:56
41            android:name="com.safefinder.testapp.AutoSendService"
41-->src\main\AndroidManifest.xml:29:13-44
42            android:exported="false"
42-->src\main\AndroidManifest.xml:30:13-37
43            android:foregroundServiceType="location" />
43-->src\main\AndroidManifest.xml:31:13-53
44    </application>
45
46</manifest>